app/build/outputs/apk/manifest-merger-debug-report.txt
-- Merging decision tree log ---
manifest
ADDED from AndroidManifest.xml:2:1
	package
		ADDED from AndroidManifest.xml:4:2
		INJECTED from AndroidManifest.xml:0:0
		INJECTED from AndroidManifest.xml:0:0
	android:versionName
		ADDED from AndroidManifest.xml:7:2
	xmlns:tools
		ADDED from AndroidManifest.xml:3:2
	android:versionCode
		ADDED from AndroidManifest.xml:6:2
		INJECTED from AndroidManifest.xml:0:0
		INJECTED from AndroidManifest.xml:0:0
	xmlns:android
		ADDED from AndroidManifest.xml:2:11
	android:installLocation
		ADDED from AndroidManifest.xml:5:2
uses-sdk
ADDED from AndroidManifest.xml:9:2
MERGED from com.android.support:support-v4:21.0.3:15:5
MERGED from com.android.support:support-v13:21.0.3:15:5
MERGED from com.android.support:support-v4:21.0.3:15:5
	android:targetSdkVersion
		ADDED from AndroidManifest.xml:11:3
		INJECTED from AndroidManifest.xml:0:0
		INJECTED from AndroidManifest.xml:0:0
	tools:ignore
		ADDED from AndroidManifest.xml:12:3
	android:minSdkVersion
		ADDED from AndroidManifest.xml:10:3
		INJECTED from AndroidManifest.xml:0:0
		INJECTED from AndroidManifest.xml:0:0
uses-permission#android.permission.INTERNET
ADDED from AndroidManifest.xml:14:2
	android:name
		ADDED from AndroidManifest.xml:14:19
uses-permission#android.permission.WRITE_EXTERNAL_STORAGE
ADDED from AndroidManifest.xml:15:2
	android:name
		ADDED from AndroidManifest.xml:15:19
uses-permission#android.permission.READ_EXTERNAL_STORAGE
ADDED from AndroidManifest.xml:16:2
	android:name
		ADDED from AndroidManifest.xml:16:19
uses-permission#android.permission.NFC
ADDED from AndroidManifest.xml:17:2
	android:name
		ADDED from AndroidManifest.xml:17:19
uses-permission#android.permission.CAMERA
ADDED from AndroidManifest.xml:18:2
	android:name
		ADDED from AndroidManifest.xml:18:19
uses-permission#android.permission.VIBRATE
ADDED from AndroidManifest.xml:19:2
	android:name
		ADDED from AndroidManifest.xml:19:19
uses-permission#android.permission.WAKE_LOCK
ADDED from AndroidManifest.xml:20:2
	android:name
		ADDED from AndroidManifest.xml:20:19
uses-permission#android.permission.RECEIVE_BOOT_COMPLETED
ADDED from AndroidManifest.xml:21:2
	android:name
		ADDED from AndroidManifest.xml:21:19
uses-permission#android.permission.BLUETOOTH
ADDED from AndroidManifest.xml:22:2
	android:name
		ADDED from AndroidManifest.xml:22:19
uses-feature#android.hardware.touchscreen
ADDED from AndroidManifest.xml:24:2
	android:required
		ADDED from AndroidManifest.xml:26:3
	android:name
		ADDED from AndroidManifest.xml:25:3
uses-feature#android.hardware.nfc
ADDED from AndroidManifest.xml:27:2
	android:required
		ADDED from AndroidManifest.xml:29:3
	android:name
		ADDED from AndroidManifest.xml:28:3
uses-feature#android.hardware.camera
ADDED from AndroidManifest.xml:30:2
	android:required
		ADDED from AndroidManifest.xml:32:3
	android:name
		ADDED from AndroidManifest.xml:31:3
uses-feature#android.hardware.camera.front
ADDED from AndroidManifest.xml:33:2
	android:required
		ADDED from AndroidManifest.xml:35:3
	android:name
		ADDED from AndroidManifest.xml:34:3
uses-feature#android.hardware.camera.autofocus
ADDED from AndroidManifest.xml:36:2
	android:required
		ADDED from AndroidManifest.xml:38:3
	android:name
		ADDED from AndroidManifest.xml:37:3
uses-feature#android.hardware.camera.flash
ADDED from AndroidManifest.xml:39:2
	android:required
		ADDED from AndroidManifest.xml:41:3
	android:name
		ADDED from AndroidManifest.xml:40:3
uses-feature#android.hardware.screen.landscape
ADDED from AndroidManifest.xml:42:2
	android:required
		ADDED from AndroidManifest.xml:44:3
	android:name
		ADDED from AndroidManifest.xml:43:3
uses-feature#android.hardware.bluetooth
ADDED from AndroidManifest.xml:45:2
	android:required
		ADDED from AndroidManifest.xml:47:3
	android:name
		ADDED from AndroidManifest.xml:46:3
supports-screens
ADDED from AndroidManifest.xml:49:2
	android:largeScreens
		ADDED from AndroidManifest.xml:51:3
	android:smallScreens
		ADDED from AndroidManifest.xml:53:3
	android:normalScreens
		ADDED from AndroidManifest.xml:52:3
	android:xlargeScreens
		ADDED from AndroidManifest.xml:54:3
	android:anyDensity
		ADDED from AndroidManifest.xml:50:3
application
ADDED from AndroidManifest.xml:56:2
MERGED from com.android.support:support-v4:21.0.3:16:5
MERGED from com.android.support:support-v13:21.0.3:16:5
MERGED from com.android.support:support-v4:21.0.3:16:5
	android:label
		ADDED from AndroidManifest.xml:60:3
	android:allowBackup
		ADDED from AndroidManifest.xml:58:3
	android:icon
		ADDED from AndroidManifest.xml:59:3
	android:name
		ADDED from AndroidManifest.xml:57:3
activity#de.schildbach.wallet.ui.WalletActivity
ADDED from AndroidManifest.xml:61:3
	android:launchMode
		ADDED from AndroidManifest.xml:64:4
	android:configChanges
		ADDED from AndroidManifest.xml:63:4
	android:theme
		ADDED from AndroidManifest.xml:65:4
	android:name
		ADDED from AndroidManifest.xml:62:4
activity-alias#de.schildbach.wallet.WalletActivity
ADDED from AndroidManifest.xml:67:3
	android:targetActivity
		ADDED from AndroidManifest.xml:69:4
	android:name
		ADDED from AndroidManifest.xml:68:4
intent-filter#android.intent.action.MAIN+android.intent.category.LAUNCHER
ADDED from AndroidManifest.xml:70:4
action#android.intent.action.MAIN
ADDED from AndroidManifest.xml:71:5
	android:name
		ADDED from AndroidManifest.xml:71:13
category#android.intent.category.LAUNCHER
ADDED from AndroidManifest.xml:73:5
	android:name
		ADDED from AndroidManifest.xml:73:15
intent-filter#android.intent.category.DEFAULT+android.nfc.action.NDEF_DISCOVERED
ADDED from AndroidManifest.xml:75:4
action#android.nfc.action.NDEF_DISCOVERED
ADDED from AndroidManifest.xml:76:5
	android:name
		ADDED from AndroidManifest.xml:76:13
data
ADDED from AndroidManifest.xml:78:5
	android:mimeType
		ADDED from AndroidManifest.xml:78:11
category#android.intent.category.DEFAULT
ADDED from AndroidManifest.xml:80:5
	android:name
		ADDED from AndroidManifest.xml:80:15
activity#de.schildbach.wallet.ui.send.SendCoinsActivity
ADDED from AndroidManifest.xml:84:3
	android:screenOrientation
		ADDED from AndroidManifest.xml:88:4
	android:label
		ADDED from AndroidManifest.xml:87:4
	android:windowSoftInputMode
		ADDED from AndroidManifest.xml:90:4
	android:configChanges
		ADDED from AndroidManifest.xml:86:4
	android:theme
		ADDED from AndroidManifest.xml:89:4
	android:name
		ADDED from AndroidManifest.xml:85:4
intent-filter#android.intent.action.VIEW+android.intent.category.BROWSABLE+android.intent.category.DEFAULT
ADDED from AndroidManifest.xml:91:4
	android:label
		ADDED from AndroidManifest.xml:91:19
action#android.intent.action.VIEW
ADDED from AndroidManifest.xml:92:5
	android:name
		ADDED from AndroidManifest.xml:92:13
category#android.intent.category.BROWSABLE
ADDED from AndroidManifest.xml:97:5
	android:name
		ADDED from AndroidManifest.xml:97:15
intent-filter#android.intent.action.VIEW+android.intent.category.DEFAULT
ADDED from AndroidManifest.xml:106:4
	android:label
		ADDED from AndroidManifest.xml:106:19
activity#de.schildbach.wallet.ui.SendCoinsQrActivity
ADDED from AndroidManifest.xml:121:3
	android:configChanges
		ADDED from AndroidManifest.xml:123:4
	android:theme
		ADDED from AndroidManifest.xml:124:4
	android:name
		ADDED from AndroidManifest.xml:122:4
activity#de.schildbach.wallet.ui.RequestCoinsActivity
ADDED from AndroidManifest.xml:126:3
	android:screenOrientation
		ADDED from AndroidManifest.xml:130:4
	android:label
		ADDED from AndroidManifest.xml:129:4
	android:windowSoftInputMode
		ADDED from AndroidManifest.xml:132:4
	android:configChanges
		ADDED from AndroidManifest.xml:128:4
	android:theme
		ADDED from AndroidManifest.xml:131:4
	android:name
		ADDED from AndroidManifest.xml:127:4
activity#de.schildbach.wallet.ui.AddressBookActivity
ADDED from AndroidManifest.xml:133:3
	android:screenOrientation
		ADDED from AndroidManifest.xml:137:4
	android:label
		ADDED from AndroidManifest.xml:136:4
	android:configChanges
		ADDED from AndroidManifest.xml:135:4
	android:theme
		ADDED from AndroidManifest.xml:138:4
	android:name
		ADDED from AndroidManifest.xml:134:4
activity#de.schildbach.wallet.ui.ExchangeRatesActivity
ADDED from AndroidManifest.xml:139:3
	android:screenOrientation
		ADDED from AndroidManifest.xml:143:4
	android:label
		ADDED from AndroidManifest.xml:142:4
	android:configChanges
		ADDED from AndroidManifest.xml:141:4
	android:theme
		ADDED from AndroidManifest.xml:144:4
	android:name
		ADDED from AndroidManifest.xml:140:4
activity#de.schildbach.wallet.ui.NetworkMonitorActivity
ADDED from AndroidManifest.xml:145:3
	android:screenOrientation
		ADDED from AndroidManifest.xml:149:4
	android:label
		ADDED from AndroidManifest.xml:148:4
	android:configChanges
		ADDED from AndroidManifest.xml:147:4
	android:theme
		ADDED from AndroidManifest.xml:150:4
	android:name
		ADDED from AndroidManifest.xml:146:4
activity#de.schildbach.wallet.ui.preference.PreferenceActivity
ADDED from AndroidManifest.xml:151:3
	android:screenOrientation
		ADDED from AndroidManifest.xml:154:4
	android:label
		ADDED from AndroidManifest.xml:153:4
	android:theme
		ADDED from AndroidManifest.xml:155:4
	android:name
		ADDED from AndroidManifest.xml:152:4
activity#de.schildbach.wallet.ui.RestoreWalletActivity
ADDED from AndroidManifest.xml:156:3
	android:configChanges
		ADDED from AndroidManifest.xml:158:4
	android:theme
		ADDED from AndroidManifest.xml:159:4
	android:name
		ADDED from AndroidManifest.xml:157:4
activity#de.schildbach.wallet.ui.ScanActivity
ADDED from AndroidManifest.xml:169:3
	android:screenOrientation
		ADDED from AndroidManifest.xml:172:4
	android:stateNotNeeded
		ADDED from AndroidManifest.xml:173:4
	android:windowSoftInputMode
		ADDED from AndroidManifest.xml:175:4
	android:configChanges
		ADDED from AndroidManifest.xml:171:4
	android:theme
		ADDED from AndroidManifest.xml:174:4
	android:name
		ADDED from AndroidManifest.xml:170:4
activity#de.schildbach.wallet.ui.send.SweepWalletActivity
ADDED from AndroidManifest.xml:176:3
	android:screenOrientation
		ADDED from AndroidManifest.xml:180:4
	android:label
		ADDED from AndroidManifest.xml:179:4
	android:windowSoftInputMode
		ADDED from AndroidManifest.xml:182:4
	android:configChanges
		ADDED from AndroidManifest.xml:178:4
	android:theme
		ADDED from AndroidManifest.xml:181:4
	android:name
		ADDED from AndroidManifest.xml:177:4
provider#de.schildbach.wallet.AddressBookProvider
ADDED from AndroidManifest.xml:184:3
	android:authorities
		ADDED from AndroidManifest.xml:186:4
	android:exported
		ADDED from AndroidManifest.xml:187:4
	android:name
		ADDED from AndroidManifest.xml:185:4
provider#de.schildbach.wallet.ExchangeRatesProvider
ADDED from AndroidManifest.xml:188:3
	android:authorities
		ADDED from AndroidManifest.xml:190:4
	android:exported
		ADDED from AndroidManifest.xml:191:4
	android:name
		ADDED from AndroidManifest.xml:189:4
provider#de.schildbach.wallet.FileAttachmentProvider
ADDED from AndroidManifest.xml:192:3
	android:authorities
		ADDED from AndroidManifest.xml:194:4
	android:grantUriPermissions
		ADDED from AndroidManifest.xml:196:4
	android:exported
		ADDED from AndroidManifest.xml:195:4
	android:name
		ADDED from AndroidManifest.xml:193:4
receiver#de.schildbach.wallet.WalletBalanceWidgetProvider
ADDED from AndroidManifest.xml:198:3
	android:label
		ADDED from AndroidManifest.xml:200:4
	android:name
		ADDED from AndroidManifest.xml:199:4
intent-filter#android.appwidget.action.APPWIDGET_UPDATE
ADDED from AndroidManifest.xml:201:4
action#android.appwidget.action.APPWIDGET_UPDATE
ADDED from AndroidManifest.xml:202:5
	android:name
		ADDED from AndroidManifest.xml:202:13
meta-data#android.appwidget.provider
ADDED from AndroidManifest.xml:205:4
	android:resource
		ADDED from AndroidManifest.xml:207:5
	android:name
		ADDED from AndroidManifest.xml:206:5
service#de.schildbach.wallet.service.BlockchainServiceImpl
ADDED from AndroidManifest.xml:210:3
	android:exported
		ADDED from AndroidManifest.xml:212:4
	android:name
		ADDED from AndroidManifest.xml:211:4
service#de.schildbach.wallet.offline.AcceptBluetoothService
ADDED from AndroidManifest.xml:213:3
	android:exported
		ADDED from AndroidManifest.xml:215:4
	android:name
		ADDED from AndroidManifest.xml:214:4
receiver#de.schildbach.wallet.service.AutosyncReceiver
ADDED from AndroidManifest.xml:217:3
	android:name
		ADDED from AndroidManifest.xml:217:13
intent-filter#android.intent.action.BOOT_COMPLETED
ADDED from AndroidManifest.xml:218:4
action#android.intent.action.BOOT_COMPLETED
ADDED from AndroidManifest.xml:219:5
	android:name
		ADDED from AndroidManifest.xml:219:13
intent-filter#android.intent.action.MY_PACKAGE_REPLACED
ADDED from AndroidManifest.xml:221:4
action#android.intent.action.MY_PACKAGE_REPLACED
ADDED from AndroidManifest.xml:222:5
	android:name
		ADDED from AndroidManifest.xml:222:13
service#de.schildbach.wallet.service.UpgradeWalletService
ADDED from AndroidManifest.xml:226:3
	android:exported
		ADDED from AndroidManifest.xml:228:4
	android:name
		ADDED from AndroidManifest.xml:227:4
meta-data#android.nfc.disable_beam_default
ADDED from AndroidManifest.xml:230:3
	android:value
		ADDED from AndroidManifest.xml:232:4
	android:name
		ADDED from AndroidManifest.xml:231:4